<?xml version="1.0" encoding="UTF-8"?>
<testsuite name="com.example.database.DatabaseConnectionTest" tests="1" skipped="0" failures="0" errors="0" timestamp="2022-07-18T18:49:17" hostname="STEWS" time="0.209">
  <properties/>
  <testcase name="jdbcConnectionToMySqlDockerImageTest()" classname="com.example.database.DatabaseConnectionTest" time="0.209"/>
  <system-out><![CDATA[]]></system-out>
  <system-err><![CDATA[]]></system-err>
</testsuite>
