<?xml version="1.0" encoding="UTF-8"?>
<testsuite name="com.example.database.SakilaDBTest" tests="1" skipped="0" failures="0" errors="0" timestamp="2022-07-10T17:53:29" hostname="STEWS" time="0.252">
  <properties/>
  <testcase name="testSyntaxJooqQueryPartsMySql()" classname="com.example.database.SakilaDBTest" time="0.252"/>
  <system-out><![CDATA[jdbc:mysql://localhost:3306/sakila

Verify aggregate function count(*)
----------------------------------
parts array length == 7
"ACTOR"
]]></system-out>
  <system-err><![CDATA[Jul 10, 2022 10:53:29 AM org.jooq.tools.JooqLogger lambda$info$5
INFO: Connecting               
Jul 10, 2022 10:53:29 AM org.jooq.tools.JooqLogger lambda$info$5
INFO: Connected                
Jul 10, 2022 10:53:29 AM org.jooq.tools.JooqLogger lambda$info$5
INFO: 
                                      
@@@@@@@@@@@@@@@@@@@@@@@@@@@@@@@@@@@@@@
@@@@@@@@@@@@@@@@@@@@@@@@@@@@@@@@@@@@@@
@@@@@@@@@@@@@@@@  @@        @@@@@@@@@@
@@@@@@@@@@@@@@@@@@@@        @@@@@@@@@@
@@@@@@@@@@@@@@@@  @@  @@    @@@@@@@@@@
@@@@@@@@@@  @@@@  @@  @@    @@@@@@@@@@
@@@@@@@@@@        @@        @@@@@@@@@@
@@@@@@@@@@@@@@@@@@@@@@@@@@@@@@@@@@@@@@
@@@@@@@@@@@@@@@@@@@@@@@@@@@@@@@@@@@@@@
@@@@@@@@@@        @@        @@@@@@@@@@
@@@@@@@@@@    @@  @@  @@@@  @@@@@@@@@@
@@@@@@@@@@    @@  @@  @@@@  @@@@@@@@@@
@@@@@@@@@@        @@  @  @  @@@@@@@@@@
@@@@@@@@@@        @@        @@@@@@@@@@
@@@@@@@@@@@@@@@@@@@@@@@  @@@@@@@@@@@@@
@@@@@@@@@@@@@@@@@@@@@@@@@@@@@@@@@@@@@@
@@@@@@@@@@@@@@@@@@@@@@@@@@@@@@@@@@@@@@  Thank you for using jOOQ 3.16.6
                                      
Jul 10, 2022 10:53:29 AM org.jooq.tools.JooqLogger lambda$info$5
INFO: 

jOOQ tip of the day: To version control jOOQ generated code or not? There are pros and cons to both approaches: https://www.jooq.org/doc/latest/manual/code-generation/codegen-version-control/

]]></system-err>
</testsuite>
