<?xml version="1.0" encoding="UTF-8"?>
<testsuite name="com.example.database.DMLTests" tests="7" skipped="0" failures="1" errors="0" timestamp="2022-07-19T08:33:24" hostname="STEWS" time="46.283">
  <properties/>
  <testcase name="deleteTest2()" classname="com.example.database.DMLTests" time="0.1"/>
  <testcase name="updateTest2()" classname="com.example.database.DMLTests" time="0.015"/>
  <testcase name="testContainersTest()" classname="com.example.database.DMLTests" time="46.107">
    <failure message="org.testcontainers.containers.ContainerLaunchException: Container startup failed" type="org.testcontainers.containers.ContainerLaunchException">org.testcontainers.containers.ContainerLaunchException: Container startup failed
	at app//org.testcontainers.containers.GenericContainer.doStart(GenericContainer.java:349)
	at app//org.testcontainers.containers.GenericContainer.start(GenericContainer.java:322)
	at app//com.example.database.DMLTests.testContainersTest(DMLTests.java:204)
	at java.base@17.0.2/jdk.internal.reflect.NativeMethodAccessorImpl.invoke0(Native Method)
	at java.base@17.0.2/jdk.internal.reflect.NativeMethodAccessorImpl.invoke(NativeMethodAccessorImpl.java:77)
	at java.base@17.0.2/jdk.internal.reflect.DelegatingMethodAccessorImpl.invoke(DelegatingMethodAccessorImpl.java:43)
	at java.base@17.0.2/java.lang.reflect.Method.invoke(Method.java:568)
	at app//org.junit.platform.commons.util.ReflectionUtils.invokeMethod(ReflectionUtils.java:727)
	at app//org.junit.jupiter.engine.execution.MethodInvocation.proceed(MethodInvocation.java:60)
	at app//org.junit.jupiter.engine.execution.InvocationInterceptorChain$ValidatingInvocation.proceed(InvocationInterceptorChain.java:131)
	at app//org.junit.jupiter.engine.extension.TimeoutExtension.intercept(TimeoutExtension.java:156)
	at app//org.junit.jupiter.engine.extension.TimeoutExtension.interceptTestableMethod(TimeoutExtension.java:147)
	at app//org.junit.jupiter.engine.extension.TimeoutExtension.interceptTestMethod(TimeoutExtension.java:86)
	at app//org.junit.jupiter.engine.execution.InterceptingExecutableInvoker$ReflectiveInterceptorCall.lambda$ofVoidMethod$0(InterceptingExecutableInvoker.java:103)
	at app//org.junit.jupiter.engine.execution.InterceptingExecutableInvoker.lambda$invoke$0(InterceptingExecutableInvoker.java:93)
	at app//org.junit.jupiter.engine.execution.InvocationInterceptorChain$InterceptedInvocation.proceed(InvocationInterceptorChain.java:106)
	at app//org.junit.jupiter.engine.execution.InvocationInterceptorChain.proceed(InvocationInterceptorChain.java:64)
	at app//org.junit.jupiter.engine.execution.InvocationInterceptorChain.chainAndInvoke(InvocationInterceptorChain.java:45)
	at app//org.junit.jupiter.engine.execution.InvocationInterceptorChain.invoke(InvocationInterceptorChain.java:37)
	at app//org.junit.jupiter.engine.execution.InterceptingExecutableInvoker.invoke(InterceptingExecutableInvoker.java:92)
	at app//org.junit.jupiter.engine.execution.InterceptingExecutableInvoker.invoke(InterceptingExecutableInvoker.java:86)
	at app//org.junit.jupiter.engine.descriptor.TestMethodTestDescriptor.lambda$invokeTestMethod$7(TestMethodTestDescriptor.java:217)
	at app//org.junit.platform.engine.support.hierarchical.ThrowableCollector.execute(ThrowableCollector.java:73)
	at app//org.junit.jupiter.engine.descriptor.TestMethodTestDescriptor.invokeTestMethod(TestMethodTestDescriptor.java:213)
	at app//org.junit.jupiter.engine.descriptor.TestMethodTestDescriptor.execute(TestMethodTestDescriptor.java:138)
	at app//org.junit.jupiter.engine.descriptor.TestMethodTestDescriptor.execute(TestMethodTestDescriptor.java:68)
	at app//org.junit.platform.engine.support.hierarchical.NodeTestTask.lambda$executeRecursively$6(NodeTestTask.java:151)
	at app//org.junit.platform.engine.support.hierarchical.ThrowableCollector.execute(ThrowableCollector.java:73)
	at app//org.junit.platform.engine.support.hierarchical.NodeTestTask.lambda$executeRecursively$8(NodeTestTask.java:141)
	at app//org.junit.platform.engine.support.hierarchical.Node.around(Node.java:137)
	at app//org.junit.platform.engine.support.hierarchical.NodeTestTask.lambda$executeRecursively$9(NodeTestTask.java:139)
	at app//org.junit.platform.engine.support.hierarchical.ThrowableCollector.execute(ThrowableCollector.java:73)
	at app//org.junit.platform.engine.support.hierarchical.NodeTestTask.executeRecursively(NodeTestTask.java:138)
	at app//org.junit.platform.engine.support.hierarchical.NodeTestTask.execute(NodeTestTask.java:95)
	at java.base@17.0.2/java.util.ArrayList.forEach(ArrayList.java:1511)
	at app//org.junit.platform.engine.support.hierarchical.SameThreadHierarchicalTestExecutorService.invokeAll(SameThreadHierarchicalTestExecutorService.java:41)
	at app//org.junit.platform.engine.support.hierarchical.NodeTestTask.lambda$executeRecursively$6(NodeTestTask.java:155)
	at app//org.junit.platform.engine.support.hierarchical.ThrowableCollector.execute(ThrowableCollector.java:73)
	at app//org.junit.platform.engine.support.hierarchical.NodeTestTask.lambda$executeRecursively$8(NodeTestTask.java:141)
	at app//org.junit.platform.engine.support.hierarchical.Node.around(Node.java:137)
	at app//org.junit.platform.engine.support.hierarchical.NodeTestTask.lambda$executeRecursively$9(NodeTestTask.java:139)
	at app//org.junit.platform.engine.support.hierarchical.ThrowableCollector.execute(ThrowableCollector.java:73)
	at app//org.junit.platform.engine.support.hierarchical.NodeTestTask.executeRecursively(NodeTestTask.java:138)
	at app//org.junit.platform.engine.support.hierarchical.NodeTestTask.execute(NodeTestTask.java:95)
	at java.base@17.0.2/java.util.ArrayList.forEach(ArrayList.java:1511)
	at app//org.junit.platform.engine.support.hierarchical.SameThreadHierarchicalTestExecutorService.invokeAll(SameThreadHierarchicalTestExecutorService.java:41)
	at app//org.junit.platform.engine.support.hierarchical.NodeTestTask.lambda$executeRecursively$6(NodeTestTask.java:155)
	at app//org.junit.platform.engine.support.hierarchical.ThrowableCollector.execute(ThrowableCollector.java:73)
	at app//org.junit.platform.engine.support.hierarchical.NodeTestTask.lambda$executeRecursively$8(NodeTestTask.java:141)
	at app//org.junit.platform.engine.support.hierarchical.Node.around(Node.java:137)
	at app//org.junit.platform.engine.support.hierarchical.NodeTestTask.lambda$executeRecursively$9(NodeTestTask.java:139)
	at app//org.junit.platform.engine.support.hierarchical.ThrowableCollector.execute(ThrowableCollector.java:73)
	at app//org.junit.platform.engine.support.hierarchical.NodeTestTask.executeRecursively(NodeTestTask.java:138)
	at app//org.junit.platform.engine.support.hierarchical.NodeTestTask.execute(NodeTestTask.java:95)
	at app//org.junit.platform.engine.support.hierarchical.SameThreadHierarchicalTestExecutorService.submit(SameThreadHierarchicalTestExecutorService.java:35)
	at app//org.junit.platform.engine.support.hierarchical.HierarchicalTestExecutor.execute(HierarchicalTestExecutor.java:57)
	at app//org.junit.platform.engine.support.hierarchical.HierarchicalTestEngine.execute(HierarchicalTestEngine.java:54)
	at org.junit.platform.launcher.core.EngineExecutionOrchestrator.execute(EngineExecutionOrchestrator.java:108)
	at org.junit.platform.launcher.core.EngineExecutionOrchestrator.execute(EngineExecutionOrchestrator.java:88)
	at org.junit.platform.launcher.core.EngineExecutionOrchestrator.lambda$execute$0(EngineExecutionOrchestrator.java:54)
	at org.junit.platform.launcher.core.EngineExecutionOrchestrator.withInterceptedStreams(EngineExecutionOrchestrator.java:67)
	at org.junit.platform.launcher.core.EngineExecutionOrchestrator.execute(EngineExecutionOrchestrator.java:52)
	at org.junit.platform.launcher.core.DefaultLauncher.execute(DefaultLauncher.java:96)
	at org.junit.platform.launcher.core.DefaultLauncher.execute(DefaultLauncher.java:75)
	at org.gradle.api.internal.tasks.testing.junitplatform.JUnitPlatformTestClassProcessor$CollectAllTestClassesExecutor.processAllTestClasses(JUnitPlatformTestClassProcessor.java:99)
	at org.gradle.api.internal.tasks.testing.junitplatform.JUnitPlatformTestClassProcessor$CollectAllTestClassesExecutor.access$000(JUnitPlatformTestClassProcessor.java:79)
	at org.gradle.api.internal.tasks.testing.junitplatform.JUnitPlatformTestClassProcessor.stop(JUnitPlatformTestClassProcessor.java:75)
	at org.gradle.api.internal.tasks.testing.SuiteTestClassProcessor.stop(SuiteTestClassProcessor.java:61)
	at java.base@17.0.2/jdk.internal.reflect.NativeMethodAccessorImpl.invoke0(Native Method)
	at java.base@17.0.2/jdk.internal.reflect.NativeMethodAccessorImpl.invoke(NativeMethodAccessorImpl.java:77)
	at java.base@17.0.2/jdk.internal.reflect.DelegatingMethodAccessorImpl.invoke(DelegatingMethodAccessorImpl.java:43)
	at java.base@17.0.2/java.lang.reflect.Method.invoke(Method.java:568)
	at org.gradle.internal.dispatch.ReflectionDispatch.dispatch(ReflectionDispatch.java:36)
	at org.gradle.internal.dispatch.ReflectionDispatch.dispatch(ReflectionDispatch.java:24)
	at org.gradle.internal.dispatch.ContextClassLoaderDispatch.dispatch(ContextClassLoaderDispatch.java:33)
	at org.gradle.internal.dispatch.ProxyDispatchAdapter$DispatchingInvocationHandler.invoke(ProxyDispatchAdapter.java:94)
	at jdk.proxy1/jdk.proxy1.$Proxy2.stop(Unknown Source)
	at org.gradle.api.internal.tasks.testing.worker.TestWorker$3.run(TestWorker.java:193)
	at org.gradle.api.internal.tasks.testing.worker.TestWorker.executeAndMaintainThreadName(TestWorker.java:129)
	at org.gradle.api.internal.tasks.testing.worker.TestWorker.execute(TestWorker.java:100)
	at org.gradle.api.internal.tasks.testing.worker.TestWorker.execute(TestWorker.java:60)
	at org.gradle.process.internal.worker.child.ActionExecutionWorker.execute(ActionExecutionWorker.java:56)
	at org.gradle.process.internal.worker.child.SystemApplicationClassLoaderWorker.call(SystemApplicationClassLoaderWorker.java:133)
	at org.gradle.process.internal.worker.child.SystemApplicationClassLoaderWorker.call(SystemApplicationClassLoaderWorker.java:71)
	at app//worker.org.gradle.process.internal.worker.GradleWorkerMain.run(GradleWorkerMain.java:69)
	at app//worker.org.gradle.process.internal.worker.GradleWorkerMain.main(GradleWorkerMain.java:74)
Caused by: org.rnorth.ducttape.RetryCountExceededException: Retry limit hit with exception
	at app//org.rnorth.ducttape.unreliables.Unreliables.retryUntilSuccess(Unreliables.java:88)
	at app//org.testcontainers.containers.GenericContainer.doStart(GenericContainer.java:334)
	... 85 more
Caused by: org.testcontainers.containers.ContainerLaunchException: Could not create/start container
	at app//org.testcontainers.containers.GenericContainer.tryStart(GenericContainer.java:542)
	at app//org.testcontainers.containers.GenericContainer.lambda$doStart$0(GenericContainer.java:344)
	at app//org.rnorth.ducttape.unreliables.Unreliables.retryUntilSuccess(Unreliables.java:81)
	... 86 more
Caused by: org.testcontainers.ext.ScriptUtils$ScriptLoadException: Could not load classpath init script: Database/Sql/mysql-sakila-schema.sql. Resource not found.
	at app//org.testcontainers.ext.ScriptUtils.runInitScript(ScriptUtils.java:357)
	at app//org.testcontainers.containers.JdbcDatabaseContainer.runInitScriptIfRequired(JdbcDatabaseContainer.java:309)
	at app//org.testcontainers.containers.JdbcDatabaseContainer.containerIsStarted(JdbcDatabaseContainer.java:188)
	at app//org.testcontainers.containers.GenericContainer.containerIsStarted(GenericContainer.java:701)
	at app//org.testcontainers.containers.GenericContainer.tryStart(GenericContainer.java:521)
	... 88 more
</failure>
  </testcase>
  <testcase name="updateTest()" classname="com.example.database.DMLTests" time="0.022"/>
  <testcase name="insertTest3()" classname="com.example.database.DMLTests" time="0.015"/>
  <testcase name="insertProductsTest()" classname="com.example.database.DMLTests" time="0.01"/>
  <testcase name="insertTest()" classname="com.example.database.DMLTests" time="0.011"/>
  <system-out><![CDATA[+----------+-----------+------------+------------------------------------+--------------------------------------------------+----------+----------------+---------------------+
|product_id|category_id|product_code|product_name                        |description                                       |list_price|discount_percent|date_added           |
+----------+-----------+------------+------------------------------------+--------------------------------------------------+----------+----------------+---------------------+
|         1|          1|strat       |Fender Stratocaster                 |The Fender Stratocaster is the electric guitar ...|    699.00|           30.00|2014-10-30 09:32:40.0|
|         2|          1|les_paul    |Gibson Les Paul                     |This Les Paul guitar offers a carved top and hu...|   1199.00|           30.00|2014-12-05 16:33:13.0|
|         3|          1|sg          |Gibson SG                           |This Gibson SG electric guitar takes the best o...|   2517.00|           52.00|2015-02-04 11:04:31.0|
|         4|          1|fg700s      |Yamaha FG700S                       |The Yamaha FG700S solid top acoustic guitar has...|    489.99|           38.00|2015-06-01 11:12:59.0|
|         5|          1|washburn    |Washburn D10S                       |The Washburn D10S acoustic guitar is superbly c...|    299.00|            0.00|2015-07-30 13:58:35.0|
|         6|          1|rodriguez   |Rodriguez Caballero 11              |Featuring a carefully chosen, solid Canadian ce...|    415.00|           39.00|2015-07-30 14:12:41.0|
|         7|          2|precision   |Fender Precision                    |The Fender Precision bass guitar delivers the s...|    799.99|           30.00|2015-06-01 11:29:35.0|
|         8|          2|hofner      |Hofner Icon                         |With authentic details inspired by the original...|    499.99|           25.00|2015-07-30 14:18:33.0|
|         9|          3|ludwig      |Ludwig 5-piece Drum Set with Cymbals|This product includes a Ludwig 5-piece drum set...|    699.99|           30.00|2015-07-30 12:46:40.0|
|        10|          3|tama        |Tama 5-Piece Drum Set with Cymbals  |The Tama 5-piece Drum Set is the most affordabl...|    799.99|           15.00|2015-07-30 13:14:15.0|
|        11|          4|dgx_640     |Yamaha DGX 640 88-Key Digital Piano |Long description to come                          |    799.99|           35.00|2022-07-19 08:22:38.0|
+----------+-----------+------------+------------------------------------+--------------------------------------------------+----------+----------------+---------------------+

+----------+-----------+------------+------------------------------------+--------------------------------------------------+----------+----------------+---------------------+
|product_id|category_id|product_code|product_name                        |description                                       |list_price|discount_percent|date_added           |
+----------+-----------+------------+------------------------------------+--------------------------------------------------+----------+----------------+---------------------+
|         1|          1|strat       |Fender Stratocaster                 |The Fender Stratocaster is the electric guitar ...|    699.00|           30.00|2014-10-30 09:32:40.0|
|         2|          1|les_paul    |Gibson Les Paul                     |This Les Paul guitar offers a carved top and hu...|   1199.00|           30.00|2014-12-05 16:33:13.0|
|         3|          1|sg          |Gibson SG                           |This Gibson SG electric guitar takes the best o...|   2517.00|           52.00|2015-02-04 11:04:31.0|
|         4|          1|fg700s      |Yamaha FG700S                       |The Yamaha FG700S solid top acoustic guitar has...|    489.99|           38.00|2015-06-01 11:12:59.0|
|         5|          1|washburn    |Washburn D10S                       |The Washburn D10S acoustic guitar is superbly c...|    299.00|            0.00|2015-07-30 13:58:35.0|
|         6|          1|rodriguez   |Rodriguez Caballero 11              |Featuring a carefully chosen, solid Canadian ce...|    415.00|           39.00|2015-07-30 14:12:41.0|
|         7|          2|precision   |Fender Precision                    |The Fender Precision bass guitar delivers the s...|    799.99|           30.00|2015-06-01 11:29:35.0|
|         8|          2|hofner      |Hofner Icon                         |With authentic details inspired by the original...|    499.99|           25.00|2015-07-30 14:18:33.0|
|         9|          3|ludwig      |Ludwig 5-piece Drum Set with Cymbals|This product includes a Ludwig 5-piece drum set...|    699.99|           30.00|2015-07-30 12:46:40.0|
|        10|          3|tama        |Tama 5-Piece Drum Set with Cymbals  |The Tama 5-piece Drum Set is the most affordabl...|    799.99|           15.00|2015-07-30 13:14:15.0|
|        11|          4|dgx_640     |Yamaha DGX 640 88-Key Digital Piano |Long description to come                          |    799.99|           35.00|2022-07-19 08:22:38.0|
+----------+-----------+------------+------------------------------------+--------------------------------------------------+----------+----------------+---------------------+

+----------+-----------+------------+------------------------------------+--------------------------------------------------+----------+----------------+---------------------+
|product_id|category_id|product_code|product_name                        |description                                       |list_price|discount_percent|date_added           |
+----------+-----------+------------+------------------------------------+--------------------------------------------------+----------+----------------+---------------------+
|         1|          1|strat       |Fender Stratocaster                 |The Fender Stratocaster is the electric guitar ...|    699.00|           30.00|2014-10-30 09:32:40.0|
|         2|          1|les_paul    |Gibson Les Paul                     |This Les Paul guitar offers a carved top and hu...|   1199.00|           30.00|2014-12-05 16:33:13.0|
|         3|          1|sg          |Gibson SG                           |This Gibson SG electric guitar takes the best o...|   2517.00|           52.00|2015-02-04 11:04:31.0|
|         4|          1|fg700s      |Yamaha FG700S                       |The Yamaha FG700S solid top acoustic guitar has...|    489.99|           38.00|2015-06-01 11:12:59.0|
|         5|          1|washburn    |Washburn D10S                       |The Washburn D10S acoustic guitar is superbly c...|    299.00|            0.00|2015-07-30 13:58:35.0|
|         6|          1|rodriguez   |Rodriguez Caballero 11              |Featuring a carefully chosen, solid Canadian ce...|    415.00|           39.00|2015-07-30 14:12:41.0|
|         7|          2|precision   |Fender Precision                    |The Fender Precision bass guitar delivers the s...|    799.99|           30.00|2015-06-01 11:29:35.0|
|         8|          2|hofner      |Hofner Icon                         |With authentic details inspired by the original...|    499.99|           25.00|2015-07-30 14:18:33.0|
|         9|          3|ludwig      |Ludwig 5-piece Drum Set with Cymbals|This product includes a Ludwig 5-piece drum set...|    699.99|           30.00|2015-07-30 12:46:40.0|
|        10|          3|tama        |Tama 5-Piece Drum Set with Cymbals  |The Tama 5-piece Drum Set is the most affordabl...|    799.99|           15.00|2015-07-30 13:14:15.0|
|        11|          4|dgx_640     |Yamaha DGX 640 88-Key Digital Piano |Long description to come                          |    799.99|           35.00|2022-07-19 08:22:38.0|
+----------+-----------+------------+------------------------------------+--------------------------------------------------+----------+----------------+---------------------+

+----------+-----------+------------+------------------------------------+--------------------------------------------------+----------+----------------+---------------------+
|product_id|category_id|product_code|product_name                        |description                                       |list_price|discount_percent|date_added           |
+----------+-----------+------------+------------------------------------+--------------------------------------------------+----------+----------------+---------------------+
|         1|          1|strat       |Fender Stratocaster                 |The Fender Stratocaster is the electric guitar ...|    699.00|           30.00|2014-10-30 09:32:40.0|
|         2|          1|les_paul    |Gibson Les Paul                     |This Les Paul guitar offers a carved top and hu...|   1199.00|           30.00|2014-12-05 16:33:13.0|
|         3|          1|sg          |Gibson SG                           |This Gibson SG electric guitar takes the best o...|   2517.00|           52.00|2015-02-04 11:04:31.0|
|         4|          1|fg700s      |Yamaha FG700S                       |The Yamaha FG700S solid top acoustic guitar has...|    489.99|           38.00|2015-06-01 11:12:59.0|
|         5|          1|washburn    |Washburn D10S                       |The Washburn D10S acoustic guitar is superbly c...|    299.00|            0.00|2015-07-30 13:58:35.0|
|         6|          1|rodriguez   |Rodriguez Caballero 11              |Featuring a carefully chosen, solid Canadian ce...|    415.00|           39.00|2015-07-30 14:12:41.0|
|         7|          2|precision   |Fender Precision                    |The Fender Precision bass guitar delivers the s...|    799.99|           30.00|2015-06-01 11:29:35.0|
|         8|          2|hofner      |Hofner Icon                         |With authentic details inspired by the original...|    499.99|           25.00|2015-07-30 14:18:33.0|
|         9|          3|ludwig      |Ludwig 5-piece Drum Set with Cymbals|This product includes a Ludwig 5-piece drum set...|    699.99|           30.00|2015-07-30 12:46:40.0|
|        10|          3|tama        |Tama 5-Piece Drum Set with Cymbals  |The Tama 5-piece Drum Set is the most affordabl...|    799.99|           15.00|2015-07-30 13:14:15.0|
|        11|          4|dgx_640     |Yamaha DGX 640 88-Key Digital Piano |Long description to come                          |    799.99|           35.00|2022-07-19 08:22:38.0|
+----------+-----------+------------+------------------------------------+--------------------------------------------------+----------+----------------+---------------------+

+----------+-----------+------------+------------------------------------+--------------------------------------------------+----------+----------------+---------------------+
|product_id|category_id|product_code|product_name                        |description                                       |list_price|discount_percent|date_added           |
+----------+-----------+------------+------------------------------------+--------------------------------------------------+----------+----------------+---------------------+
|         1|          1|strat       |Fender Stratocaster                 |The Fender Stratocaster is the electric guitar ...|    699.00|           30.00|2014-10-30 09:32:40.0|
|         2|          1|les_paul    |Gibson Les Paul                     |This Les Paul guitar offers a carved top and hu...|   1199.00|           30.00|2014-12-05 16:33:13.0|
|         3|          1|sg          |Gibson SG                           |This Gibson SG electric guitar takes the best o...|   2517.00|           52.00|2015-02-04 11:04:31.0|
|         4|          1|fg700s      |Yamaha FG700S                       |The Yamaha FG700S solid top acoustic guitar has...|    489.99|           38.00|2015-06-01 11:12:59.0|
|         5|          1|washburn    |Washburn D10S                       |The Washburn D10S acoustic guitar is superbly c...|    299.00|            0.00|2015-07-30 13:58:35.0|
|         6|          1|rodriguez   |Rodriguez Caballero 11              |Featuring a carefully chosen, solid Canadian ce...|    415.00|           39.00|2015-07-30 14:12:41.0|
|         7|          2|precision   |Fender Precision                    |The Fender Precision bass guitar delivers the s...|    799.99|           30.00|2015-06-01 11:29:35.0|
|         8|          2|hofner      |Hofner Icon                         |With authentic details inspired by the original...|    499.99|           25.00|2015-07-30 14:18:33.0|
|         9|          3|ludwig      |Ludwig 5-piece Drum Set with Cymbals|This product includes a Ludwig 5-piece drum set...|    699.99|           30.00|2015-07-30 12:46:40.0|
|        10|          3|tama        |Tama 5-Piece Drum Set with Cymbals  |The Tama 5-piece Drum Set is the most affordabl...|    799.99|           15.00|2015-07-30 13:14:15.0|
|        11|          4|dgx_640     |Yamaha DGX 640 88-Key Digital Piano |Long description to come                          |    799.99|           35.00|2022-07-19 08:22:38.0|
+----------+-----------+------------+------------------------------------+--------------------------------------------------+----------+----------------+---------------------+

]]></system-out>
  <system-err><![CDATA[SLF4J: No SLF4J providers were found.
SLF4J: Defaulting to no-operation (NOP) logger implementation
SLF4J: See http://www.slf4j.org/codes.html#noProviders for further details.
]]></system-err>
</testsuite>
