<?xml version="1.0" encoding="UTF-8"?>
<testsuite name="com.example.app.MessageUtilsTest" tests="1" skipped="0" failures="0" errors="0" timestamp="2022-07-16T21:44:01" hostname="STEWS" time="0.014">
  <properties/>
  <testcase name="testGetMessage()" classname="com.example.app.MessageUtilsTest" time="0.014"/>
  <system-out><![CDATA[]]></system-out>
  <system-err><![CDATA[]]></system-err>
</testsuite>
