<?xml version="1.0" encoding="UTF-8"?>
<testsuite name="com.example.list.LinkedListTest" tests="4" skipped="0" failures="0" errors="0" timestamp="2022-07-18T00:26:07" hostname="STEWS" time="0.016">
  <properties/>
  <testcase name="testAdd()" classname="com.example.list.LinkedListTest" time="0.012"/>
  <testcase name="testRemoveMissing()" classname="com.example.list.LinkedListTest" time="0.001"/>
  <testcase name="testRemove()" classname="com.example.list.LinkedListTest" time="0.0"/>
  <testcase name="testConstructor()" classname="com.example.list.LinkedListTest" time="0.001"/>
  <system-out><![CDATA[]]></system-out>
  <system-err><![CDATA[]]></system-err>
</testsuite>
